2023-09-21 15:15:59.913 | DEBUG    | tools.config_manager:merge_vendor:24 - Set compiler to zxrt
2023-09-21 15:15:59.913 | DEBUG    | tools.config_manager:merge_vendor:24 - Set no_validation to True
2023-09-21 15:15:59.913 | DEBUG    | tools.config_manager:merge_vendor:24 - Set batch_size to 48
2023-09-21 15:15:59.913 | DEBUG    | tools.config_manager:merge_vendor:24 - Set exist_onnx_path to inference/onnxs/resnet50_pytorch.onnx
2023-09-21 15:16:00.073 | Init Begin | __main__:main:26 - building dataloader and model
2023-09-21 15:16:00.223 | Init End | __main__:main:33 - 0.1500992774963379 seconds
2023-09-21 15:16:00.223 | Model Forward Begin | __main__:main:37 - 
2023-09-21 15:16:00.224 | Model Forward End | __main__:main:45 - 
2023-09-21 15:16:00.224 | Export Begin | __main__:main:51 - Export pytorch model into .onnx
2023-09-21 15:16:00.224 | Export End | __main__:main:58 - 1.6689300537109375e-06 seconds
2023-09-21 15:16:00.480 | Vendor Compile Begin | __main__:main:66 - Compiling With zixiao.zxrt
2023-09-21 15:16:01.760 | Vendor Compile End | __main__:main:73 - 1.2794992923736572 seconds
2023-09-21 15:16:01.760 | Vendor Inference Begin | __main__:main:77 - 
2023-09-21 15:16:01.760 | DEBUG    | benchmarks.resnet50.pytorch.forward:engine_forward:70 - Repeat: 1
2023-09-21 15:16:02.119 | DEBUG    | benchmarks.resnet50.pytorch.forward:engine_forward:78 - Step: 0 / 1041
2023-09-21 15:16:03.560 | DEBUG    | benchmarks.resnet50.pytorch.forward:engine_forward:78 - Step: 30 / 1041
2023-09-21 15:16:04.981 | DEBUG    | benchmarks.resnet50.pytorch.forward:engine_forward:78 - Step: 60 / 1041
2023-09-21 15:16:06.399 | DEBUG    | benchmarks.resnet50.pytorch.forward:engine_forward:78 - Step: 90 / 1041
2023-09-21 15:16:07.842 | DEBUG    | benchmarks.resnet50.pytorch.forward:engine_forward:78 - Step: 120 / 1041
2023-09-21 15:16:09.277 | DEBUG    | benchmarks.resnet50.pytorch.forward:engine_forward:78 - Step: 150 / 1041
2023-09-21 15:16:10.714 | DEBUG    | benchmarks.resnet50.pytorch.forward:engine_forward:78 - Step: 180 / 1041
2023-09-21 15:16:12.133 | DEBUG    | benchmarks.resnet50.pytorch.forward:engine_forward:78 - Step: 210 / 1041
2023-09-21 15:16:13.558 | DEBUG    | benchmarks.resnet50.pytorch.forward:engine_forward:78 - Step: 240 / 1041
2023-09-21 15:16:14.987 | DEBUG    | benchmarks.resnet50.pytorch.forward:engine_forward:78 - Step: 270 / 1041
2023-09-21 15:16:16.424 | DEBUG    | benchmarks.resnet50.pytorch.forward:engine_forward:78 - Step: 300 / 1041
2023-09-21 15:16:17.917 | DEBUG    | benchmarks.resnet50.pytorch.forward:engine_forward:78 - Step: 330 / 1041
2023-09-21 15:16:19.350 | DEBUG    | benchmarks.resnet50.pytorch.forward:engine_forward:78 - Step: 360 / 1041
2023-09-21 15:16:20.799 | DEBUG    | benchmarks.resnet50.pytorch.forward:engine_forward:78 - Step: 390 / 1041
2023-09-21 15:16:22.242 | DEBUG    | benchmarks.resnet50.pytorch.forward:engine_forward:78 - Step: 420 / 1041
2023-09-21 15:16:23.685 | DEBUG    | benchmarks.resnet50.pytorch.forward:engine_forward:78 - Step: 450 / 1041
2023-09-21 15:16:25.123 | DEBUG    | benchmarks.resnet50.pytorch.forward:engine_forward:78 - Step: 480 / 1041
2023-09-21 15:16:26.566 | DEBUG    | benchmarks.resnet50.pytorch.forward:engine_forward:78 - Step: 510 / 1041
2023-09-21 15:16:28.007 | DEBUG    | benchmarks.resnet50.pytorch.forward:engine_forward:78 - Step: 540 / 1041
2023-09-21 15:16:29.445 | DEBUG    | benchmarks.resnet50.pytorch.forward:engine_forward:78 - Step: 570 / 1041
2023-09-21 15:16:30.887 | DEBUG    | benchmarks.resnet50.pytorch.forward:engine_forward:78 - Step: 600 / 1041
2023-09-21 15:16:32.331 | DEBUG    | benchmarks.resnet50.pytorch.forward:engine_forward:78 - Step: 630 / 1041
2023-09-21 15:16:33.776 | DEBUG    | benchmarks.resnet50.pytorch.forward:engine_forward:78 - Step: 660 / 1041
2023-09-21 15:16:35.234 | DEBUG    | benchmarks.resnet50.pytorch.forward:engine_forward:78 - Step: 690 / 1041
2023-09-21 15:16:36.684 | DEBUG    | benchmarks.resnet50.pytorch.forward:engine_forward:78 - Step: 720 / 1041
2023-09-21 15:16:38.124 | DEBUG    | benchmarks.resnet50.pytorch.forward:engine_forward:78 - Step: 750 / 1041
2023-09-21 15:16:39.577 | DEBUG    | benchmarks.resnet50.pytorch.forward:engine_forward:78 - Step: 780 / 1041
2023-09-21 15:16:41.026 | DEBUG    | benchmarks.resnet50.pytorch.forward:engine_forward:78 - Step: 810 / 1041
2023-09-21 15:16:42.485 | DEBUG    | benchmarks.resnet50.pytorch.forward:engine_forward:78 - Step: 840 / 1041
2023-09-21 15:16:43.932 | DEBUG    | benchmarks.resnet50.pytorch.forward:engine_forward:78 - Step: 870 / 1041
2023-09-21 15:16:45.392 | DEBUG    | benchmarks.resnet50.pytorch.forward:engine_forward:78 - Step: 900 / 1041
2023-09-21 15:16:46.852 | DEBUG    | benchmarks.resnet50.pytorch.forward:engine_forward:78 - Step: 930 / 1041
2023-09-21 15:16:48.315 | DEBUG    | benchmarks.resnet50.pytorch.forward:engine_forward:78 - Step: 960 / 1041
2023-09-21 15:16:49.775 | DEBUG    | benchmarks.resnet50.pytorch.forward:engine_forward:78 - Step: 990 / 1041
2023-09-21 15:16:51.221 | DEBUG    | benchmarks.resnet50.pytorch.forward:engine_forward:78 - Step: 1020 / 1041
2023-09-21 15:16:52.408 | DEBUG    | benchmarks.resnet50.pytorch.forward:engine_forward:70 - Repeat: 2
2023-09-21 15:16:52.795 | DEBUG    | benchmarks.resnet50.pytorch.forward:engine_forward:78 - Step: 0 / 1041
2023-09-21 15:16:54.206 | DEBUG    | benchmarks.resnet50.pytorch.forward:engine_forward:78 - Step: 30 / 1041
2023-09-21 15:16:55.630 | DEBUG    | benchmarks.resnet50.pytorch.forward:engine_forward:78 - Step: 60 / 1041
2023-09-21 15:16:57.058 | DEBUG    | benchmarks.resnet50.pytorch.forward:engine_forward:78 - Step: 90 / 1041
2023-09-21 15:16:58.481 | DEBUG    | benchmarks.resnet50.pytorch.forward:engine_forward:78 - Step: 120 / 1041
2023-09-21 15:16:59.950 | DEBUG    | benchmarks.resnet50.pytorch.forward:engine_forward:78 - Step: 150 / 1041
2023-09-21 15:17:01.378 | DEBUG    | benchmarks.resnet50.pytorch.forward:engine_forward:78 - Step: 180 / 1041
2023-09-21 15:17:02.814 | DEBUG    | benchmarks.resnet50.pytorch.forward:engine_forward:78 - Step: 210 / 1041
2023-09-21 15:17:04.241 | DEBUG    | benchmarks.resnet50.pytorch.forward:engine_forward:78 - Step: 240 / 1041
2023-09-21 15:17:05.664 | DEBUG    | benchmarks.resnet50.pytorch.forward:engine_forward:78 - Step: 270 / 1041
2023-09-21 15:17:07.096 | DEBUG    | benchmarks.resnet50.pytorch.forward:engine_forward:78 - Step: 300 / 1041
2023-09-21 15:17:08.516 | DEBUG    | benchmarks.resnet50.pytorch.forward:engine_forward:78 - Step: 330 / 1041
2023-09-21 15:17:09.941 | DEBUG    | benchmarks.resnet50.pytorch.forward:engine_forward:78 - Step: 360 / 1041
2023-09-21 15:17:11.386 | DEBUG    | benchmarks.resnet50.pytorch.forward:engine_forward:78 - Step: 390 / 1041
2023-09-21 15:17:12.811 | DEBUG    | benchmarks.resnet50.pytorch.forward:engine_forward:78 - Step: 420 / 1041
2023-09-21 15:17:14.224 | DEBUG    | benchmarks.resnet50.pytorch.forward:engine_forward:78 - Step: 450 / 1041
2023-09-21 15:17:15.664 | DEBUG    | benchmarks.resnet50.pytorch.forward:engine_forward:78 - Step: 480 / 1041
2023-09-21 15:17:17.102 | DEBUG    | benchmarks.resnet50.pytorch.forward:engine_forward:78 - Step: 510 / 1041
2023-09-21 15:17:18.547 | DEBUG    | benchmarks.resnet50.pytorch.forward:engine_forward:78 - Step: 540 / 1041
2023-09-21 15:17:19.983 | DEBUG    | benchmarks.resnet50.pytorch.forward:engine_forward:78 - Step: 570 / 1041
2023-09-21 15:17:21.422 | DEBUG    | benchmarks.resnet50.pytorch.forward:engine_forward:78 - Step: 600 / 1041
2023-09-21 15:17:22.866 | DEBUG    | benchmarks.resnet50.pytorch.forward:engine_forward:78 - Step: 630 / 1041
2023-09-21 15:17:24.315 | DEBUG    | benchmarks.resnet50.pytorch.forward:engine_forward:78 - Step: 660 / 1041
2023-09-21 15:17:25.758 | DEBUG    | benchmarks.resnet50.pytorch.forward:engine_forward:78 - Step: 690 / 1041
2023-09-21 15:17:27.204 | DEBUG    | benchmarks.resnet50.pytorch.forward:engine_forward:78 - Step: 720 / 1041
2023-09-21 15:17:28.645 | DEBUG    | benchmarks.resnet50.pytorch.forward:engine_forward:78 - Step: 750 / 1041
2023-09-21 15:17:30.085 | DEBUG    | benchmarks.resnet50.pytorch.forward:engine_forward:78 - Step: 780 / 1041
2023-09-21 15:17:31.532 | DEBUG    | benchmarks.resnet50.pytorch.forward:engine_forward:78 - Step: 810 / 1041
2023-09-21 15:17:32.983 | DEBUG    | benchmarks.resnet50.pytorch.forward:engine_forward:78 - Step: 840 / 1041
2023-09-21 15:17:34.421 | DEBUG    | benchmarks.resnet50.pytorch.forward:engine_forward:78 - Step: 870 / 1041
2023-09-21 15:17:35.857 | DEBUG    | benchmarks.resnet50.pytorch.forward:engine_forward:78 - Step: 900 / 1041
2023-09-21 15:17:37.302 | DEBUG    | benchmarks.resnet50.pytorch.forward:engine_forward:78 - Step: 930 / 1041
2023-09-21 15:17:38.740 | DEBUG    | benchmarks.resnet50.pytorch.forward:engine_forward:78 - Step: 960 / 1041
2023-09-21 15:17:40.185 | DEBUG    | benchmarks.resnet50.pytorch.forward:engine_forward:78 - Step: 990 / 1041
2023-09-21 15:17:41.619 | DEBUG    | benchmarks.resnet50.pytorch.forward:engine_forward:78 - Step: 1020 / 1041
2023-09-21 15:17:42.861 | DEBUG    | benchmarks.resnet50.pytorch.forward:engine_forward:70 - Repeat: 3
2023-09-21 15:17:43.249 | DEBUG    | benchmarks.resnet50.pytorch.forward:engine_forward:78 - Step: 0 / 1041
2023-09-21 15:17:44.681 | DEBUG    | benchmarks.resnet50.pytorch.forward:engine_forward:78 - Step: 30 / 1041
2023-09-21 15:17:46.111 | DEBUG    | benchmarks.resnet50.pytorch.forward:engine_forward:78 - Step: 60 / 1041
2023-09-21 15:17:47.546 | DEBUG    | benchmarks.resnet50.pytorch.forward:engine_forward:78 - Step: 90 / 1041
2023-09-21 15:17:48.978 | DEBUG    | benchmarks.resnet50.pytorch.forward:engine_forward:78 - Step: 120 / 1041
2023-09-21 15:17:50.411 | DEBUG    | benchmarks.resnet50.pytorch.forward:engine_forward:78 - Step: 150 / 1041
2023-09-21 15:17:51.848 | DEBUG    | benchmarks.resnet50.pytorch.forward:engine_forward:78 - Step: 180 / 1041
2023-09-21 15:17:53.285 | DEBUG    | benchmarks.resnet50.pytorch.forward:engine_forward:78 - Step: 210 / 1041
2023-09-21 15:17:54.732 | DEBUG    | benchmarks.resnet50.pytorch.forward:engine_forward:78 - Step: 240 / 1041
2023-09-21 15:17:56.177 | DEBUG    | benchmarks.resnet50.pytorch.forward:engine_forward:78 - Step: 270 / 1041
2023-09-21 15:17:57.624 | DEBUG    | benchmarks.resnet50.pytorch.forward:engine_forward:78 - Step: 300 / 1041
2023-09-21 15:17:59.059 | DEBUG    | benchmarks.resnet50.pytorch.forward:engine_forward:78 - Step: 330 / 1041
2023-09-21 15:18:00.497 | DEBUG    | benchmarks.resnet50.pytorch.forward:engine_forward:78 - Step: 360 / 1041
2023-09-21 15:18:01.940 | DEBUG    | benchmarks.resnet50.pytorch.forward:engine_forward:78 - Step: 390 / 1041
2023-09-21 15:18:03.388 | DEBUG    | benchmarks.resnet50.pytorch.forward:engine_forward:78 - Step: 420 / 1041
2023-09-21 15:18:04.840 | DEBUG    | benchmarks.resnet50.pytorch.forward:engine_forward:78 - Step: 450 / 1041
2023-09-21 15:18:06.299 | DEBUG    | benchmarks.resnet50.pytorch.forward:engine_forward:78 - Step: 480 / 1041
2023-09-21 15:18:07.754 | DEBUG    | benchmarks.resnet50.pytorch.forward:engine_forward:78 - Step: 510 / 1041
2023-09-21 15:18:09.194 | DEBUG    | benchmarks.resnet50.pytorch.forward:engine_forward:78 - Step: 540 / 1041
2023-09-21 15:18:10.640 | DEBUG    | benchmarks.resnet50.pytorch.forward:engine_forward:78 - Step: 570 / 1041
2023-09-21 15:18:12.082 | DEBUG    | benchmarks.resnet50.pytorch.forward:engine_forward:78 - Step: 600 / 1041
2023-09-21 15:18:13.519 | DEBUG    | benchmarks.resnet50.pytorch.forward:engine_forward:78 - Step: 630 / 1041
2023-09-21 15:18:14.974 | DEBUG    | benchmarks.resnet50.pytorch.forward:engine_forward:78 - Step: 660 / 1041
2023-09-21 15:18:16.434 | DEBUG    | benchmarks.resnet50.pytorch.forward:engine_forward:78 - Step: 690 / 1041
2023-09-21 15:18:17.894 | DEBUG    | benchmarks.resnet50.pytorch.forward:engine_forward:78 - Step: 720 / 1041
2023-09-21 15:18:19.346 | DEBUG    | benchmarks.resnet50.pytorch.forward:engine_forward:78 - Step: 750 / 1041
2023-09-21 15:18:20.792 | DEBUG    | benchmarks.resnet50.pytorch.forward:engine_forward:78 - Step: 780 / 1041
2023-09-21 15:18:22.241 | DEBUG    | benchmarks.resnet50.pytorch.forward:engine_forward:78 - Step: 810 / 1041
2023-09-21 15:18:23.701 | DEBUG    | benchmarks.resnet50.pytorch.forward:engine_forward:78 - Step: 840 / 1041
2023-09-21 15:18:25.140 | DEBUG    | benchmarks.resnet50.pytorch.forward:engine_forward:78 - Step: 870 / 1041
2023-09-21 15:18:26.572 | DEBUG    | benchmarks.resnet50.pytorch.forward:engine_forward:78 - Step: 900 / 1041
2023-09-21 15:18:28.012 | DEBUG    | benchmarks.resnet50.pytorch.forward:engine_forward:78 - Step: 930 / 1041
2023-09-21 15:18:29.434 | DEBUG    | benchmarks.resnet50.pytorch.forward:engine_forward:78 - Step: 960 / 1041
2023-09-21 15:18:30.869 | DEBUG    | benchmarks.resnet50.pytorch.forward:engine_forward:78 - Step: 990 / 1041
2023-09-21 15:18:32.308 | DEBUG    | benchmarks.resnet50.pytorch.forward:engine_forward:78 - Step: 1020 / 1041
2023-09-21 15:18:33.576 | DEBUG    | benchmarks.resnet50.pytorch.forward:engine_forward:70 - Repeat: 4
2023-09-21 15:18:33.957 | DEBUG    | benchmarks.resnet50.pytorch.forward:engine_forward:78 - Step: 0 / 1041
2023-09-21 15:18:35.383 | DEBUG    | benchmarks.resnet50.pytorch.forward:engine_forward:78 - Step: 30 / 1041
2023-09-21 15:18:36.812 | DEBUG    | benchmarks.resnet50.pytorch.forward:engine_forward:78 - Step: 60 / 1041
2023-09-21 15:18:38.243 | DEBUG    | benchmarks.resnet50.pytorch.forward:engine_forward:78 - Step: 90 / 1041
2023-09-21 15:18:39.683 | DEBUG    | benchmarks.resnet50.pytorch.forward:engine_forward:78 - Step: 120 / 1041
2023-09-21 15:18:41.137 | DEBUG    | benchmarks.resnet50.pytorch.forward:engine_forward:78 - Step: 150 / 1041
2023-09-21 15:18:42.586 | DEBUG    | benchmarks.resnet50.pytorch.forward:engine_forward:78 - Step: 180 / 1041
2023-09-21 15:18:44.029 | DEBUG    | benchmarks.resnet50.pytorch.forward:engine_forward:78 - Step: 210 / 1041
2023-09-21 15:18:45.471 | DEBUG    | benchmarks.resnet50.pytorch.forward:engine_forward:78 - Step: 240 / 1041
2023-09-21 15:18:46.920 | DEBUG    | benchmarks.resnet50.pytorch.forward:engine_forward:78 - Step: 270 / 1041
2023-09-21 15:18:48.383 | DEBUG    | benchmarks.resnet50.pytorch.forward:engine_forward:78 - Step: 300 / 1041
2023-09-21 15:18:49.860 | DEBUG    | benchmarks.resnet50.pytorch.forward:engine_forward:78 - Step: 330 / 1041
2023-09-21 15:18:51.323 | DEBUG    | benchmarks.resnet50.pytorch.forward:engine_forward:78 - Step: 360 / 1041
2023-09-21 15:18:52.794 | DEBUG    | benchmarks.resnet50.pytorch.forward:engine_forward:78 - Step: 390 / 1041
2023-09-21 15:18:54.241 | DEBUG    | benchmarks.resnet50.pytorch.forward:engine_forward:78 - Step: 420 / 1041
2023-09-21 15:18:55.691 | DEBUG    | benchmarks.resnet50.pytorch.forward:engine_forward:78 - Step: 450 / 1041
2023-09-21 15:18:57.149 | DEBUG    | benchmarks.resnet50.pytorch.forward:engine_forward:78 - Step: 480 / 1041
2023-09-21 15:18:58.618 | DEBUG    | benchmarks.resnet50.pytorch.forward:engine_forward:78 - Step: 510 / 1041
2023-09-21 15:19:00.095 | DEBUG    | benchmarks.resnet50.pytorch.forward:engine_forward:78 - Step: 540 / 1041
2023-09-21 15:19:01.542 | DEBUG    | benchmarks.resnet50.pytorch.forward:engine_forward:78 - Step: 570 / 1041
2023-09-21 15:19:02.983 | DEBUG    | benchmarks.resnet50.pytorch.forward:engine_forward:78 - Step: 600 / 1041
2023-09-21 15:19:04.420 | DEBUG    | benchmarks.resnet50.pytorch.forward:engine_forward:78 - Step: 630 / 1041
2023-09-21 15:19:05.858 | DEBUG    | benchmarks.resnet50.pytorch.forward:engine_forward:78 - Step: 660 / 1041
2023-09-21 15:19:07.300 | DEBUG    | benchmarks.resnet50.pytorch.forward:engine_forward:78 - Step: 690 / 1041
2023-09-21 15:19:08.743 | DEBUG    | benchmarks.resnet50.pytorch.forward:engine_forward:78 - Step: 720 / 1041
2023-09-21 15:19:10.189 | DEBUG    | benchmarks.resnet50.pytorch.forward:engine_forward:78 - Step: 750 / 1041
2023-09-21 15:19:11.640 | DEBUG    | benchmarks.resnet50.pytorch.forward:engine_forward:78 - Step: 780 / 1041
2023-09-21 15:19:13.091 | DEBUG    | benchmarks.resnet50.pytorch.forward:engine_forward:78 - Step: 810 / 1041
2023-09-21 15:19:14.550 | DEBUG    | benchmarks.resnet50.pytorch.forward:engine_forward:78 - Step: 840 / 1041
2023-09-21 15:19:15.977 | DEBUG    | benchmarks.resnet50.pytorch.forward:engine_forward:78 - Step: 870 / 1041
2023-09-21 15:19:17.427 | DEBUG    | benchmarks.resnet50.pytorch.forward:engine_forward:78 - Step: 900 / 1041
2023-09-21 15:19:18.875 | DEBUG    | benchmarks.resnet50.pytorch.forward:engine_forward:78 - Step: 930 / 1041
2023-09-21 15:19:20.325 | DEBUG    | benchmarks.resnet50.pytorch.forward:engine_forward:78 - Step: 960 / 1041
2023-09-21 15:19:21.753 | DEBUG    | benchmarks.resnet50.pytorch.forward:engine_forward:78 - Step: 990 / 1041
2023-09-21 15:19:23.182 | DEBUG    | benchmarks.resnet50.pytorch.forward:engine_forward:78 - Step: 1020 / 1041
2023-09-21 15:19:24.441 | DEBUG    | benchmarks.resnet50.pytorch.forward:engine_forward:70 - Repeat: 5
2023-09-21 15:19:24.825 | DEBUG    | benchmarks.resnet50.pytorch.forward:engine_forward:78 - Step: 0 / 1041
2023-09-21 15:19:26.260 | DEBUG    | benchmarks.resnet50.pytorch.forward:engine_forward:78 - Step: 30 / 1041
2023-09-21 15:19:27.703 | DEBUG    | benchmarks.resnet50.pytorch.forward:engine_forward:78 - Step: 60 / 1041
2023-09-21 15:19:29.150 | DEBUG    | benchmarks.resnet50.pytorch.forward:engine_forward:78 - Step: 90 / 1041
2023-09-21 15:19:30.586 | DEBUG    | benchmarks.resnet50.pytorch.forward:engine_forward:78 - Step: 120 / 1041
2023-09-21 15:19:32.032 | DEBUG    | benchmarks.resnet50.pytorch.forward:engine_forward:78 - Step: 150 / 1041
2023-09-21 15:19:33.475 | DEBUG    | benchmarks.resnet50.pytorch.forward:engine_forward:78 - Step: 180 / 1041
2023-09-21 15:19:34.906 | DEBUG    | benchmarks.resnet50.pytorch.forward:engine_forward:78 - Step: 210 / 1041
2023-09-21 15:19:36.346 | DEBUG    | benchmarks.resnet50.pytorch.forward:engine_forward:78 - Step: 240 / 1041
2023-09-21 15:19:37.789 | DEBUG    | benchmarks.resnet50.pytorch.forward:engine_forward:78 - Step: 270 / 1041
2023-09-21 15:19:39.259 | DEBUG    | benchmarks.resnet50.pytorch.forward:engine_forward:78 - Step: 300 / 1041
2023-09-21 15:19:40.730 | DEBUG    | benchmarks.resnet50.pytorch.forward:engine_forward:78 - Step: 330 / 1041
2023-09-21 15:19:42.180 | DEBUG    | benchmarks.resnet50.pytorch.forward:engine_forward:78 - Step: 360 / 1041
2023-09-21 15:19:43.631 | DEBUG    | benchmarks.resnet50.pytorch.forward:engine_forward:78 - Step: 390 / 1041
2023-09-21 15:19:45.063 | DEBUG    | benchmarks.resnet50.pytorch.forward:engine_forward:78 - Step: 420 / 1041
2023-09-21 15:19:46.508 | DEBUG    | benchmarks.resnet50.pytorch.forward:engine_forward:78 - Step: 450 / 1041
2023-09-21 15:19:47.959 | DEBUG    | benchmarks.resnet50.pytorch.forward:engine_forward:78 - Step: 480 / 1041
2023-09-21 15:19:49.398 | DEBUG    | benchmarks.resnet50.pytorch.forward:engine_forward:78 - Step: 510 / 1041
2023-09-21 15:19:50.861 | DEBUG    | benchmarks.resnet50.pytorch.forward:engine_forward:78 - Step: 540 / 1041
2023-09-21 15:19:52.326 | DEBUG    | benchmarks.resnet50.pytorch.forward:engine_forward:78 - Step: 570 / 1041
2023-09-21 15:19:53.780 | DEBUG    | benchmarks.resnet50.pytorch.forward:engine_forward:78 - Step: 600 / 1041
2023-09-21 15:19:55.238 | DEBUG    | benchmarks.resnet50.pytorch.forward:engine_forward:78 - Step: 630 / 1041
2023-09-21 15:19:56.686 | DEBUG    | benchmarks.resnet50.pytorch.forward:engine_forward:78 - Step: 660 / 1041
2023-09-21 15:19:58.138 | DEBUG    | benchmarks.resnet50.pytorch.forward:engine_forward:78 - Step: 690 / 1041
2023-09-21 15:19:59.574 | DEBUG    | benchmarks.resnet50.pytorch.forward:engine_forward:78 - Step: 720 / 1041
2023-09-21 15:20:01.013 | DEBUG    | benchmarks.resnet50.pytorch.forward:engine_forward:78 - Step: 750 / 1041
2023-09-21 15:20:02.458 | DEBUG    | benchmarks.resnet50.pytorch.forward:engine_forward:78 - Step: 780 / 1041
2023-09-21 15:20:03.913 | DEBUG    | benchmarks.resnet50.pytorch.forward:engine_forward:78 - Step: 810 / 1041
2023-09-21 15:20:05.385 | DEBUG    | benchmarks.resnet50.pytorch.forward:engine_forward:78 - Step: 840 / 1041
2023-09-21 15:20:06.839 | DEBUG    | benchmarks.resnet50.pytorch.forward:engine_forward:78 - Step: 870 / 1041
2023-09-21 15:20:08.292 | DEBUG    | benchmarks.resnet50.pytorch.forward:engine_forward:78 - Step: 900 / 1041
2023-09-21 15:20:09.743 | DEBUG    | benchmarks.resnet50.pytorch.forward:engine_forward:78 - Step: 930 / 1041
2023-09-21 15:20:11.191 | DEBUG    | benchmarks.resnet50.pytorch.forward:engine_forward:78 - Step: 960 / 1041
2023-09-21 15:20:12.653 | DEBUG    | benchmarks.resnet50.pytorch.forward:engine_forward:78 - Step: 990 / 1041
2023-09-21 15:20:14.092 | DEBUG    | benchmarks.resnet50.pytorch.forward:engine_forward:78 - Step: 1020 / 1041
2023-09-21 15:20:15.347 | INFO     | benchmarks.resnet50.pytorch.forward:engine_forward:99 - Top1 Acc: [0.7617675312199808, 0.7617675312199808, 0.7617675312199808, 0.7617675312199808, 0.7617675312199808]
2023-09-21 15:20:15.347 | INFO     | benchmarks.resnet50.pytorch.forward:cal_perf:10 - Inference(pytorch) Perf: 8184.152513462591 ips
2023-09-21 15:20:15.347 | INFO     | benchmarks.resnet50.pytorch.forward:cal_perf:13 - Inference(pytorch) core Perf: 273759.37903230864 ips
2023-09-21 15:20:15.361 | Vendor Inference End | __main__:main:83 - 
2023-09-21 15:20:15.376 | Finish Info | __main__:<module>:167 - {'vendor': 'zixiao', 'compiler': 'zxrt', 'precision': 'fp16', 'batchsize': 48, 'flops': 1127888641480000.0, 'e2e_time(second)': 255.472, 'p_validation_whole(qps)': None, 'p_validation_core(qps)': None, 'p_inference_whole(qps)': 8184.153, '*p_inference_core(qps)': 273759.379, 'val_average_acc': None, 'infer_average_acc': 0.762}
